12-11 17:44:52 com_github_MitjaNemec_Archive3DModels.action_archive_3d_models 220:Plugin executed on: 'darwin'
12-11 17:44:52 com_github_MitjaNemec_Archive3DModels.action_archive_3d_models 221:Plugin executed with python version: '3.9.13 (v3.9.13:6de2ca5339, May 17 2022, 11:37:23) \n[Clang 13.0.0 (clang-1300.0.29.30)]'
12-11 17:44:52 com_github_MitjaNemec_Archive3DModels.action_archive_3d_models 222:KiCad build version: 7.0.9
12-11 17:44:52 com_github_MitjaNemec_Archive3DModels.action_archive_3d_models 223:Plugin version: 1.0.9

12-11 17:44:52 com_github_MitjaNemec_Archive3DModels.action_archive_3d_models 228:Screen sizes: [wx.Size(1512, 982)]
12-11 17:44:52 com_github_MitjaNemec_Archive3DModels.action_archive_3d_models 235:Dialog size: wx.Size(213, 81)
12-11 17:44:52 com_github_MitjaNemec_Archive3DModels.action_archive_3d_models 237:Char size: 16
12-11 17:44:54 com_github_MitjaNemec_Archive3DModels.archive_3d_models 24:Starting to archive 3D models
12-11 17:44:54 com_github_MitjaNemec_Archive3DModels.archive_3d_models 45:Getting 3D models for footprint of: C2
12-11 17:44:54 com_github_MitjaNemec_Archive3DModels.archive_3d_models 56:Trying to copy: ${KIPRJMOD}/packages3D/C_0603_1608Metric.step
12-11 17:44:54 com_github_MitjaNemec_Archive3DModels.archive_3d_models 136:Remapping: ${KIPRJMOD}/packages3D/C_0603_1608Metric.step
12-11 17:44:54 com_github_MitjaNemec_Archive3DModels.archive_3d_models 45:Getting 3D models for footprint of: R1
12-11 17:44:54 com_github_MitjaNemec_Archive3DModels.archive_3d_models 56:Trying to copy: ${KIPRJMOD}/packages3D/R_0402_1005Metric.step
12-11 17:44:54 com_github_MitjaNemec_Archive3DModels.archive_3d_models 136:Remapping: ${KIPRJMOD}/packages3D/R_0402_1005Metric.step
12-11 17:44:54 com_github_MitjaNemec_Archive3DModels.archive_3d_models 45:Getting 3D models for footprint of: C4
12-11 17:44:54 com_github_MitjaNemec_Archive3DModels.archive_3d_models 56:Trying to copy: ${KIPRJMOD}/packages3D/C_0402_1005Metric.step
12-11 17:44:54 com_github_MitjaNemec_Archive3DModels.archive_3d_models 136:Remapping: ${KIPRJMOD}/packages3D/C_0402_1005Metric.step
12-11 17:44:54 com_github_MitjaNemec_Archive3DModels.archive_3d_models 45:Getting 3D models for footprint of: D1
12-11 17:44:54 com_github_MitjaNemec_Archive3DModels.archive_3d_models 56:Trying to copy: ${KIPRJMOD}/packages3D/LED_0603.stp
12-11 17:44:54 com_github_MitjaNemec_Archive3DModels.archive_3d_models 136:Remapping: ${KIPRJMOD}/packages3D/LED_0603.stp
12-11 17:44:54 com_github_MitjaNemec_Archive3DModels.archive_3d_models 45:Getting 3D models for footprint of: R4
12-11 17:44:54 com_github_MitjaNemec_Archive3DModels.archive_3d_models 56:Trying to copy: ${KIPRJMOD}/packages3D/R_0402_1005Metric.step
12-11 17:44:54 com_github_MitjaNemec_Archive3DModels.archive_3d_models 136:Remapping: ${KIPRJMOD}/packages3D/R_0402_1005Metric.step
12-11 17:44:54 com_github_MitjaNemec_Archive3DModels.archive_3d_models 45:Getting 3D models for footprint of: R12
12-11 17:44:54 com_github_MitjaNemec_Archive3DModels.archive_3d_models 56:Trying to copy: ${KIPRJMOD}/packages3D/R_0402_1005Metric.step
12-11 17:44:54 com_github_MitjaNemec_Archive3DModels.archive_3d_models 136:Remapping: ${KIPRJMOD}/packages3D/R_0402_1005Metric.step
12-11 17:44:54 com_github_MitjaNemec_Archive3DModels.archive_3d_models 45:Getting 3D models for footprint of: D2
12-11 17:44:54 com_github_MitjaNemec_Archive3DModels.archive_3d_models 56:Trying to copy: ${KIPRJMOD}/packages3D/LED_0603.stp
12-11 17:44:54 com_github_MitjaNemec_Archive3DModels.archive_3d_models 136:Remapping: ${KIPRJMOD}/packages3D/LED_0603.stp
12-11 17:44:54 com_github_MitjaNemec_Archive3DModels.archive_3d_models 45:Getting 3D models for footprint of: C6
12-11 17:44:54 com_github_MitjaNemec_Archive3DModels.archive_3d_models 56:Trying to copy: ${KIPRJMOD}/packages3D/C_0402_1005Metric.step
12-11 17:44:54 com_github_MitjaNemec_Archive3DModels.archive_3d_models 136:Remapping: ${KIPRJMOD}/packages3D/C_0402_1005Metric.step
12-11 17:44:54 com_github_MitjaNemec_Archive3DModels.archive_3d_models 45:Getting 3D models for footprint of: R6
12-11 17:44:54 com_github_MitjaNemec_Archive3DModels.archive_3d_models 56:Trying to copy: ${KIPRJMOD}/packages3D/R_0402_1005Metric.step
12-11 17:44:54 com_github_MitjaNemec_Archive3DModels.archive_3d_models 136:Remapping: ${KIPRJMOD}/packages3D/R_0402_1005Metric.step
12-11 17:44:54 com_github_MitjaNemec_Archive3DModels.archive_3d_models 45:Getting 3D models for footprint of: C7
12-11 17:44:54 com_github_MitjaNemec_Archive3DModels.archive_3d_models 56:Trying to copy: ${KIPRJMOD}/packages3D/C_0402_1005Metric.step
12-11 17:44:54 com_github_MitjaNemec_Archive3DModels.archive_3d_models 136:Remapping: ${KIPRJMOD}/packages3D/C_0402_1005Metric.step
12-11 17:44:54 com_github_MitjaNemec_Archive3DModels.archive_3d_models 45:Getting 3D models for footprint of: U3
12-11 17:44:54 com_github_MitjaNemec_Archive3DModels.archive_3d_models 56:Trying to copy: ${KIPRJMOD}/packages3D/SOT-23-6.step
12-11 17:44:54 com_github_MitjaNemec_Archive3DModels.archive_3d_models 136:Remapping: ${KIPRJMOD}/packages3D/SOT-23-6.step
12-11 17:44:54 com_github_MitjaNemec_Archive3DModels.archive_3d_models 45:Getting 3D models for footprint of: R5
12-11 17:44:54 com_github_MitjaNemec_Archive3DModels.archive_3d_models 56:Trying to copy: ${KIPRJMOD}/packages3D/R_0402_1005Metric.step
12-11 17:44:54 com_github_MitjaNemec_Archive3DModels.archive_3d_models 136:Remapping: ${KIPRJMOD}/packages3D/R_0402_1005Metric.step
12-11 17:44:54 com_github_MitjaNemec_Archive3DModels.archive_3d_models 45:Getting 3D models for footprint of: DPS1
12-11 17:44:54 com_github_MitjaNemec_Archive3DModels.archive_3d_models 56:Trying to copy: ${KIPRJMOD}/packages3D/DPS310.step
12-11 17:44:54 com_github_MitjaNemec_Archive3DModels.archive_3d_models 136:Remapping: ${KIPRJMOD}/packages3D/DPS310.step
12-11 17:44:54 com_github_MitjaNemec_Archive3DModels.archive_3d_models 45:Getting 3D models for footprint of: C1
12-11 17:44:54 com_github_MitjaNemec_Archive3DModels.archive_3d_models 56:Trying to copy: ${KIPRJMOD}/packages3D/C_0603_1608Metric.step
12-11 17:44:54 com_github_MitjaNemec_Archive3DModels.archive_3d_models 136:Remapping: ${KIPRJMOD}/packages3D/C_0603_1608Metric.step
12-11 17:44:54 com_github_MitjaNemec_Archive3DModels.archive_3d_models 45:Getting 3D models for footprint of: R11
12-11 17:44:54 com_github_MitjaNemec_Archive3DModels.archive_3d_models 56:Trying to copy: ${KIPRJMOD}/packages3D/R_0402_1005Metric.step
12-11 17:44:54 com_github_MitjaNemec_Archive3DModels.archive_3d_models 136:Remapping: ${KIPRJMOD}/packages3D/R_0402_1005Metric.step
12-11 17:44:54 com_github_MitjaNemec_Archive3DModels.archive_3d_models 45:Getting 3D models for footprint of: U1
12-11 17:44:54 com_github_MitjaNemec_Archive3DModels.archive_3d_models 56:Trying to copy: ${KIPRJMOD}/packages3D/ESP32PICOMINI02 v14.step
12-11 17:44:54 com_github_MitjaNemec_Archive3DModels.archive_3d_models 136:Remapping: ${KIPRJMOD}/packages3D/ESP32PICOMINI02 v14.step
12-11 17:44:54 com_github_MitjaNemec_Archive3DModels.archive_3d_models 45:Getting 3D models for footprint of: R9
12-11 17:44:54 com_github_MitjaNemec_Archive3DModels.archive_3d_models 56:Trying to copy: ${KIPRJMOD}/packages3D/R_0402_1005Metric.step
12-11 17:44:54 com_github_MitjaNemec_Archive3DModels.archive_3d_models 136:Remapping: ${KIPRJMOD}/packages3D/R_0402_1005Metric.step
12-11 17:44:54 com_github_MitjaNemec_Archive3DModels.archive_3d_models 45:Getting 3D models for footprint of: C8
12-11 17:44:54 com_github_MitjaNemec_Archive3DModels.archive_3d_models 56:Trying to copy: ${KIPRJMOD}/packages3D/C_0402_1005Metric.step
12-11 17:44:54 com_github_MitjaNemec_Archive3DModels.archive_3d_models 136:Remapping: ${KIPRJMOD}/packages3D/C_0402_1005Metric.step
12-11 17:44:54 com_github_MitjaNemec_Archive3DModels.archive_3d_models 45:Getting 3D models for footprint of: TP3
12-11 17:44:54 com_github_MitjaNemec_Archive3DModels.archive_3d_models 45:Getting 3D models for footprint of: TP2
12-11 17:44:54 com_github_MitjaNemec_Archive3DModels.archive_3d_models 45:Getting 3D models for footprint of: SW1
12-11 17:44:54 com_github_MitjaNemec_Archive3DModels.archive_3d_models 56:Trying to copy: ${KIPRJMOD}/packages3D/431151015826(rev1).stp
12-11 17:44:54 com_github_MitjaNemec_Archive3DModels.archive_3d_models 136:Remapping: ${KIPRJMOD}/packages3D/431151015826(rev1).stp
12-11 17:44:54 com_github_MitjaNemec_Archive3DModels.archive_3d_models 45:Getting 3D models for footprint of: R7
12-11 17:44:54 com_github_MitjaNemec_Archive3DModels.archive_3d_models 56:Trying to copy: ${KIPRJMOD}/packages3D/R_0402_1005Metric.step
12-11 17:44:54 com_github_MitjaNemec_Archive3DModels.archive_3d_models 136:Remapping: ${KIPRJMOD}/packages3D/R_0402_1005Metric.step
12-11 17:44:54 com_github_MitjaNemec_Archive3DModels.archive_3d_models 45:Getting 3D models for footprint of: R8
12-11 17:44:54 com_github_MitjaNemec_Archive3DModels.archive_3d_models 56:Trying to copy: ${KIPRJMOD}/packages3D/R_0402_1005Metric.step
12-11 17:44:54 com_github_MitjaNemec_Archive3DModels.archive_3d_models 136:Remapping: ${KIPRJMOD}/packages3D/R_0402_1005Metric.step
12-11 17:44:54 com_github_MitjaNemec_Archive3DModels.archive_3d_models 45:Getting 3D models for footprint of: R15
12-11 17:44:54 com_github_MitjaNemec_Archive3DModels.archive_3d_models 45:Getting 3D models for footprint of: C10
12-11 17:44:54 com_github_MitjaNemec_Archive3DModels.archive_3d_models 56:Trying to copy: ${KIPRJMOD}/packages3D/C_0603_1608Metric.step
12-11 17:44:54 com_github_MitjaNemec_Archive3DModels.archive_3d_models 136:Remapping: ${KIPRJMOD}/packages3D/C_0603_1608Metric.step
12-11 17:44:54 com_github_MitjaNemec_Archive3DModels.archive_3d_models 45:Getting 3D models for footprint of: J2
12-11 17:44:54 com_github_MitjaNemec_Archive3DModels.archive_3d_models 56:Trying to copy: ${KIPRJMOD}/packages3D/C393939-TYPE-C.step
12-11 17:44:54 com_github_MitjaNemec_Archive3DModels.archive_3d_models 136:Remapping: ${KIPRJMOD}/packages3D/C393939-TYPE-C.step
12-11 17:44:54 com_github_MitjaNemec_Archive3DModels.archive_3d_models 45:Getting 3D models for footprint of: C3
12-11 17:44:54 com_github_MitjaNemec_Archive3DModels.archive_3d_models 56:Trying to copy: ${KIPRJMOD}/packages3D/C_0402_1005Metric.step
12-11 17:44:54 com_github_MitjaNemec_Archive3DModels.archive_3d_models 136:Remapping: ${KIPRJMOD}/packages3D/C_0402_1005Metric.step
12-11 17:44:54 com_github_MitjaNemec_Archive3DModels.archive_3d_models 45:Getting 3D models for footprint of: C5
12-11 17:44:54 com_github_MitjaNemec_Archive3DModels.archive_3d_models 56:Trying to copy: ${KIPRJMOD}/packages3D/C_0603_1608Metric.step
12-11 17:44:54 com_github_MitjaNemec_Archive3DModels.archive_3d_models 136:Remapping: ${KIPRJMOD}/packages3D/C_0603_1608Metric.step
12-11 17:44:54 com_github_MitjaNemec_Archive3DModels.archive_3d_models 45:Getting 3D models for footprint of: R14
12-11 17:44:54 com_github_MitjaNemec_Archive3DModels.archive_3d_models 56:Trying to copy: ${KIPRJMOD}/packages3D/R_0402_1005Metric.step
12-11 17:44:54 com_github_MitjaNemec_Archive3DModels.archive_3d_models 136:Remapping: ${KIPRJMOD}/packages3D/R_0402_1005Metric.step
12-11 17:44:54 com_github_MitjaNemec_Archive3DModels.archive_3d_models 45:Getting 3D models for footprint of: R13
12-11 17:44:54 com_github_MitjaNemec_Archive3DModels.archive_3d_models 56:Trying to copy: ${KIPRJMOD}/packages3D/R_0402_1005Metric.step
12-11 17:44:54 com_github_MitjaNemec_Archive3DModels.archive_3d_models 136:Remapping: ${KIPRJMOD}/packages3D/R_0402_1005Metric.step
12-11 17:44:54 com_github_MitjaNemec_Archive3DModels.archive_3d_models 45:Getting 3D models for footprint of: R2
12-11 17:44:54 com_github_MitjaNemec_Archive3DModels.archive_3d_models 56:Trying to copy: ${KIPRJMOD}/packages3D/R_0402_1005Metric.step
12-11 17:44:54 com_github_MitjaNemec_Archive3DModels.archive_3d_models 136:Remapping: ${KIPRJMOD}/packages3D/R_0402_1005Metric.step
12-11 17:44:54 com_github_MitjaNemec_Archive3DModels.archive_3d_models 45:Getting 3D models for footprint of: R10
12-11 17:44:54 com_github_MitjaNemec_Archive3DModels.archive_3d_models 56:Trying to copy: ${KIPRJMOD}/packages3D/R_0402_1005Metric.step
12-11 17:44:54 com_github_MitjaNemec_Archive3DModels.archive_3d_models 136:Remapping: ${KIPRJMOD}/packages3D/R_0402_1005Metric.step
12-11 17:44:54 com_github_MitjaNemec_Archive3DModels.archive_3d_models 45:Getting 3D models for footprint of: R3
12-11 17:44:54 com_github_MitjaNemec_Archive3DModels.archive_3d_models 56:Trying to copy: ${KIPRJMOD}/packages3D/R_0402_1005Metric.step
12-11 17:44:54 com_github_MitjaNemec_Archive3DModels.archive_3d_models 136:Remapping: ${KIPRJMOD}/packages3D/R_0402_1005Metric.step
12-11 17:44:54 com_github_MitjaNemec_Archive3DModels.archive_3d_models 45:Getting 3D models for footprint of: L1
12-11 17:44:54 com_github_MitjaNemec_Archive3DModels.archive_3d_models 56:Trying to copy: ${KIPRJMOD}/packages3D/L_Wuerth_MAPI-3015.step
12-11 17:44:54 com_github_MitjaNemec_Archive3DModels.archive_3d_models 136:Remapping: ${KIPRJMOD}/packages3D/L_Wuerth_MAPI-3015.step
12-11 17:44:54 com_github_MitjaNemec_Archive3DModels.archive_3d_models 45:Getting 3D models for footprint of: J1
12-11 17:44:54 com_github_MitjaNemec_Archive3DModels.archive_3d_models 45:Getting 3D models for footprint of: U2
12-11 17:44:54 com_github_MitjaNemec_Archive3DModels.archive_3d_models 56:Trying to copy: ${KIPRJMOD}/packages3D/SOT-23-5.step
12-11 17:44:54 com_github_MitjaNemec_Archive3DModels.archive_3d_models 136:Remapping: ${KIPRJMOD}/packages3D/SOT-23-5.step
12-11 17:44:54 com_github_MitjaNemec_Archive3DModels.archive_3d_models 45:Getting 3D models for footprint of: SHT4x_1
12-11 17:44:54 com_github_MitjaNemec_Archive3DModels.archive_3d_models 56:Trying to copy: ${KIPRJMOD}/packages3D/SHT40-AD1B-R3--3DModel-STEP-231308.STEP
12-11 17:44:54 com_github_MitjaNemec_Archive3DModels.archive_3d_models 136:Remapping: ${KIPRJMOD}/packages3D/SHT40-AD1B-R3--3DModel-STEP-231308.STEP
12-11 17:44:54 com_github_MitjaNemec_Archive3DModels.archive_3d_models 45:Getting 3D models for footprint of: C11
12-11 17:44:54 com_github_MitjaNemec_Archive3DModels.archive_3d_models 56:Trying to copy: ${KIPRJMOD}/packages3D/C_0402_1005Metric.step
12-11 17:44:54 com_github_MitjaNemec_Archive3DModels.archive_3d_models 136:Remapping: ${KIPRJMOD}/packages3D/C_0402_1005Metric.step
12-11 17:44:54 com_github_MitjaNemec_Archive3DModels.archive_3d_models 45:Getting 3D models for footprint of: C9
12-11 17:44:54 com_github_MitjaNemec_Archive3DModels.archive_3d_models 56:Trying to copy: ${KIPRJMOD}/packages3D/C_0402_1005Metric.step
12-11 17:44:54 com_github_MitjaNemec_Archive3DModels.archive_3d_models 136:Remapping: ${KIPRJMOD}/packages3D/C_0402_1005Metric.step
12-11 17:44:54 com_github_MitjaNemec_Archive3DModels.archive_3d_models 45:Getting 3D models for footprint of: SW2
12-11 17:44:54 com_github_MitjaNemec_Archive3DModels.archive_3d_models 56:Trying to copy: ${KIPRJMOD}/packages3D/431151015826(rev1).stp
12-11 17:44:54 com_github_MitjaNemec_Archive3DModels.archive_3d_models 136:Remapping: ${KIPRJMOD}/packages3D/431151015826(rev1).stp
